{
  "stats": {
    "suites": 1,
    "tests": 1,
    "passes": 1,
    "pending": 0,
    "failures": 0,
    "start": "2025-09-06T12:46:03.840Z",
    "end": "2025-09-06T12:46:19.720Z",
    "duration": 15880,
    "testsRegistered": 1,
    "passPercent": 100,
    "pendingPercent": 0,
    "other": 0,
    "hasOther": false,
    "skipped": 0,
    "hasSkipped": false
  },
  "results": [
    {
      "uuid": "053b5c22-db04-4fcc-8b20-b243b1bf520a",
      "title": "",
      "fullFile": "cypress/tests/tonnageList.visual.ts",
      "file": "cypress/tests/tonnageList.visual.ts",
      "beforeHooks": [],
      "afterHooks": [],
      "tests": [],
      "suites": [
        {
          "uuid": "0901fbe0-3f0d-4db0-bd9f-35af0c23269a",
          "title": "Tonnage List - Mocked - Visual Tests",
          "fullFile": "",
          "file": "",
          "beforeHooks": [],
          "afterHooks": [],
          "tests": [
            {
              "title": "Tonnage List - Grid - Mocked",
              "fullTitle": "Tonnage List - Mocked - Visual Tests Tonnage List - Grid - Mocked",
              "timedOut": null,
              "duration": 15847,
              "state": "passed",
              "speed": "slow",
              "pass": true,
              "fail": false,
              "pending": false,
              "context": null,
              "code": "cy.intercept(\"GET\", \"**/api/tonnageList?basisPortID**\", {\n    fixture: \"tonnageList.json\",\n}).as(\"getTonnageList\");\ncy.intercept(\"POST\", \"**/api/tonnageList/tce?tabId**\", {\n    fixture: \"tce.json\",\n}).as(\"getTCE\");\ncy.visit(\"/\");\ncommon.inactivePace().should(\"exist\");\ncy.get(\"#enterEmailFormEmail\", { timeout: 10000 })\n    .should(\"be.visible\")\n    .type(\"user1@stresstest.com\", { delay: 100 });\ncy.get(\"#enterEmailFormSubmit\").should(\"be.visible\").click();\ncy.get(\"#password\", { timeout: 10000 })\n    .should(\"be.visible\")\n    .type(\"Qweasd12@\", { delay: 100 });\ncy.get(\"#submitLogin\").should(\"be.visible\").click();\ncy.contains(\"button\", \"Accept\").click();\ncy.get(\"div[class*='SideNavCollapse_sideBar_']\", { timeout: 30000 }).should(\"be.visible\");\ncy.get(\"#sideNav-Tab--Tonnage-List\").click();\ncommon.inactivePace().should(\"exist\");\ncy.wait(\"@getTonnageList\");\ncy.wait(\"@getTCE\");\ncy.waitForDomToBeReady();\ncy.matchImageSnapshot({\n    blackout: [\".tw-flex-shrink-0\"],\n});",
              "err": {},
              "uuid": "ef8cbde6-0e71-47d3-b85f-16865b6cf4e1",
              "parentUUID": "0901fbe0-3f0d-4db0-bd9f-35af0c23269a",
              "isHook": false,
              "skipped": false
            }
          ],
          "suites": [],
          "passes": [
            "ef8cbde6-0e71-47d3-b85f-16865b6cf4e1"
          ],
          "failures": [],
          "pending": [],
          "skipped": [],
          "duration": 15847,
          "root": false,
          "rootEmpty": false,
          "_timeout": 2000
        }
      ],
      "passes": [],
      "failures": [],
      "pending": [],
      "skipped": [],
      "duration": 0,
      "root": true,
      "rootEmpty": true,
      "_timeout": 2000
    }
  ],
  "meta": {
    "mocha": {
      "version": "7.2.0"
    },
    "mochawesome": {
      "options": {
        "quiet": false,
        "reportFilename": "mochawesome",
        "saveHtml": true,
        "saveJson": true,
        "consoleReporter": "spec",
        "useInlineDiffs": false,
        "code": true
      },
      "version": "7.1.3"
    },
    "marge": {
      "options": {
        "reportDir": "cypress/results",
        "overwrite": true,
        "html": true,
        "reportTitle": "Cypress Test Report",
        "json": true,
        "inlineAssets": true
      },
      "version": "6.2.0"
    }
  }
}